2025-03-26 01:07:23,108 - DEBUG - Starting new HTTPS connection (1): accounts.spotify.com:443
2025-03-26 01:07:23,220 - DEBUG - https://accounts.spotify.com:443 "POST /api/token HTTP/11" 200 None
2025-03-26 01:07:36,015 - DEBUG - Starting new HTTPS connection (1): accounts.spotify.com:443
2025-03-26 01:07:36,128 - DEBUG - https://accounts.spotify.com:443 "POST /api/token HTTP/11" 200 None
2025-03-26 01:07:36,154 - DEBUG - Starting new HTTPS connection (1): api.spotify.com:443
2025-03-26 01:07:36,354 - DEBUG - https://api.spotify.com:443 "GET /v1/search?q=eric+cl&type=artist&limit=5 HTTP/11" 200 None
2025-03-26 01:07:40,414 - DEBUG - Starting new HTTPS connection (1): accounts.spotify.com:443
2025-03-26 01:07:40,519 - DEBUG - https://accounts.spotify.com:443 "POST /api/token HTTP/11" 200 None
2025-03-26 01:07:40,537 - DEBUG - Starting new HTTPS connection (1): api.spotify.com:443
2025-03-26 01:07:40,685 - DEBUG - https://api.spotify.com:443 "GET /v1/search?q=eric+cl&type=artist&limit=5 HTTP/11" 200 None
2025-03-26 01:07:40,701 - INFO - Artist added ---- Eric Clapton
2025-03-26 01:07:40,707 - DEBUG - Starting new HTTPS connection (1): api.spotify.com:443
2025-03-26 01:07:40,899 - DEBUG - https://api.spotify.com:443 "GET /v1/artists/6PAt558ZEZl0DmdXlnjMgD/albums?market=ES&limit=50&include_groups=album,single,compilation,appears_on&offset=0 HTTP/11" 200 None
2025-03-26 01:07:40,902 - DEBUG - Starting new HTTPS connection (1): api.spotify.com:443
2025-03-26 01:07:41,153 - DEBUG - https://api.spotify.com:443 "GET /v1/artists/6PAt558ZEZl0DmdXlnjMgD/albums?market=ES&limit=50&include_groups=album,single,compilation,appears_on&offset=50 HTTP/11" 200 None
2025-03-26 01:07:41,153 - DEBUG - Starting new HTTPS connection (1): api.spotify.com:443
2025-03-26 01:07:41,386 - DEBUG - https://api.spotify.com:443 "GET /v1/artists/6PAt558ZEZl0DmdXlnjMgD/albums?market=ES&limit=50&include_groups=album,single,compilation,appears_on&offset=100 HTTP/11" 200 None
2025-03-26 01:07:41,402 - DEBUG - Starting new HTTPS connection (1): api.spotify.com:443
2025-03-26 01:07:41,602 - DEBUG - https://api.spotify.com:443 "GET /v1/artists/6PAt558ZEZl0DmdXlnjMgD/albums?market=ES&limit=50&include_groups=album,single,compilation,appears_on&offset=150 HTTP/11" 200 None
2025-03-26 01:07:41,602 - DEBUG - Starting new HTTPS connection (1): api.spotify.com:443
2025-03-26 01:07:41,802 - DEBUG - https://api.spotify.com:443 "GET /v1/artists/6PAt558ZEZl0DmdXlnjMgD/albums?market=ES&limit=50&include_groups=album,single,compilation,appears_on&offset=200 HTTP/11" 200 None
2025-03-26 01:07:41,802 - DEBUG - Starting new HTTPS connection (1): api.spotify.com:443
2025-03-26 01:07:42,051 - DEBUG - https://api.spotify.com:443 "GET /v1/artists/6PAt558ZEZl0DmdXlnjMgD/albums?market=ES&limit=50&include_groups=album,single,compilation,appears_on&offset=250 HTTP/11" 200 None
2025-03-26 01:07:42,051 - DEBUG - Starting new HTTPS connection (1): api.spotify.com:443
2025-03-26 01:07:42,219 - DEBUG - https://api.spotify.com:443 "GET /v1/artists/6PAt558ZEZl0DmdXlnjMgD/albums?market=ES&limit=50&include_groups=album,single,compilation,appears_on&offset=300 HTTP/11" 200 None
2025-03-26 01:07:42,271 - DEBUG - Starting new HTTPS connection (1): api.spotify.com:443
2025-03-26 01:07:42,485 - DEBUG - https://api.spotify.com:443 "GET /v1/albums?ids=7ASFpTja76OXENB9qkzXjJ,2AFTCoFxo67KJgTKZtmDWi,0veS6RDjnzEynT3Fc7B5Qs,7uLDovmFB97bee1kDTtCNl,30D06gnDL2ybmtALWlXsHB,1BC5nVDF60QHTFrueeBwsX,5PGQW0n8n0JDxmpPkAgwIc,2pnfVMvTS8ozs9f1dbLubY,1nc6356HcuAFa002IDOGPD,1L3jhywNGVbRmOjprKPvzj,4byvesJX6Ar5Y9C8tBGbir,18rweBilg1zNzAmRQaqAwX,16J9NCaxxRc2QW999f5V9H,0BeaxNPhOKKwwSBF5nMT1J,1SKOWmS3NFmWV9YQsUcBtB,5Rkrz0jdb5BvaLPSbcvZoe,438cphNkpzGKfsC0PcaDLH,2w8NxQ2lUGDAjNGEvdJ079,0YekEKuAhsZRxOdhzjyAsF,3DgSNj2EanKS98ViJovfrh&market=ES HTTP/11" 200 None
2025-03-26 01:07:42,536 - DEBUG - Starting new HTTPS connection (1): api.spotify.com:443
2025-03-26 01:07:42,802 - DEBUG - https://api.spotify.com:443 "GET /v1/albums?ids=4YJ93uAqs42dsEdxuvhzp6,0o6CVT0y5uxH5r6zXQot98,7w0uQiYScm3ApS8cWXmf4c,4zWJPA1aq4IBdLk1QbWD63,5P2ZoNb6NJL7P5VexrQOeg,6zxsfP7TdXLAS9QEGNN0Uy,5uKWy85xmgOuRrWuXr98b2,6wgayK52wIkMa1XacI8R3B,02v9Z7vUiuWUlOlNzNtmPA,5WX2WQT74bVZl9UqqY6LZT,3pGtiBNrepSNUpeV9brkmq,0RnwxYxvxulUrMDyszaTlt,7L48CUDA2sR0ytkCgQUmcM,3Xgt0D7DlSQ5HluyECu33i,0GBrlPh90D25SQ6EJu4VtT,2yz3iTD7WokMGoXbywUsLX,3W69hATxCDZgyZpdsZitnQ,6GKVEsvWa3ltvIqMATtzWo,73cxqemPE6sVoCkwRuPU6E,3taJF5jtfoJZ3zDKJBu5zG&market=ES HTTP/11" 200 None
2025-03-26 01:07:42,836 - DEBUG - Starting new HTTPS connection (1): api.spotify.com:443
2025-03-26 01:07:42,969 - DEBUG - https://api.spotify.com:443 "GET /v1/albums?ids=4bSvzPMgzwvfqHAbcWG88o,2fZaiwMi09O93vj6PATGZo,1BBpz29VAxHyLwOL7vCA00,2g21A6cU3aJSXGmDxwJkL9,178WnPfId9ExhG95JDEg1j,25cFmqj31yoMiwJ0dUAYiM,5tDR5P1fGfzgPhaY7lvBPd,1qEvo5oupbjyJt2tdgnAZT,0Pc7Ti2YgK7xARnrmpCPZv,2Vp01eGIEUGBsZfQnIJml7,0Kct4rqr04c01LrmXmaFZh,0TrWzHGezfYZ6vHZ0E2AYx,2BPC18y4vgEymeHhdhnacw,7Mq7ugXV7lsbeLJDzO1zbh,2SAcUXvFBB4TMQyQrcWT4v,4bxiVCasORrxUMw8xdT0Oa,3nIzYllbDbwVQjKpVaXqOw,4NyvpVcqZ0yo6dOruEvEsk,3cPm877pgiBfmEy0bUBXeb,51x2aGUz243QT3TFB0K9Gf&market=ES HTTP/11" 200 None
2025-03-26 01:07:42,985 - DEBUG - Starting new HTTPS connection (1): api.spotify.com:443
2025-03-26 01:07:43,186 - DEBUG - https://api.spotify.com:443 "GET /v1/albums?ids=3CecTTpADewRJjbebTs5ua,4ZmFCRthpUQkRK8KALtHPQ,2tzuEcs8kUQ6fhvvt3uf3s,7r6DUzXUdZMLtPEzJwOTSw,27sKs5kGDMJUNCsOJbbJzh,7IMFWSaoSJSL3O9HOqQn3p,4wHF0Kgkq8SwiunTxKgSNu,4i8cexDSnh5qt5dO2PB3QH,4BcdfGTqJTfOZUOuNvwfBZ,2iaHu4WUPx5EIDHJIhwdwP,5XkiwxKI2aJYzPq63WPSvJ,0mXhAwNI5H6URJLPy0rXUe,7v8RnDBdFlKgViV0cNpRdA,6RLJi8ybfFRe6RCiO1a2zU,2vTifPgCfp6q3dyJApxS9D,64hcdH7h8noDQg9Zr5COkc&market=ES HTTP/11" 200 None
2025-03-26 01:07:53,485 - DEBUG - Starting new HTTPS connection (1): accounts.spotify.com:443
2025-03-26 01:07:53,590 - DEBUG - https://accounts.spotify.com:443 "POST /api/token HTTP/11" 200 None
2025-03-26 01:07:53,604 - DEBUG - Starting new HTTPS connection (1): api.spotify.com:443
2025-03-26 01:07:53,768 - DEBUG - https://api.spotify.com:443 "GET /v1/search?q=eric+cl&type=artist&limit=5 HTTP/11" 200 None
2025-03-26 01:07:53,783 - INFO - Artist added ---- J.J. Cale
2025-03-26 01:07:53,792 - DEBUG - Starting new HTTPS connection (1): api.spotify.com:443
2025-03-26 01:07:53,961 - DEBUG - https://api.spotify.com:443 "GET /v1/artists/06nsZ3qSOYZ2hPVIMcr1IN/albums?market=ES&limit=50&include_groups=album,single,compilation,appears_on&offset=0 HTTP/11" 200 None
2025-03-26 01:07:53,977 - DEBUG - Starting new HTTPS connection (1): api.spotify.com:443
2025-03-26 01:07:54,186 - DEBUG - https://api.spotify.com:443 "GET /v1/artists/06nsZ3qSOYZ2hPVIMcr1IN/albums?market=ES&limit=50&include_groups=album,single,compilation,appears_on&offset=50 HTTP/11" 200 None
2025-03-26 01:07:54,208 - DEBUG - Starting new HTTPS connection (1): api.spotify.com:443
2025-03-26 01:07:54,486 - DEBUG - https://api.spotify.com:443 "GET /v1/albums?ids=2HQRtAvBH6lD40dJvh9Onq,6C5s4i7UwShgjw3h1NhUxB,5pFZ5YdKoxwHefe8Oi9edm,5HcVPryk4D7Qk2Mn8rdgmh,33fuSyhdBANawEa7fQEE4f,1xRopj2lcoux9Hxnai8Arb,1MzCCKlW9DYxqo5gUjWFx8,4ucx366gQtYYZLU2XRGDXz,2okosk6neU94B69HQ2vnR4,2HFTlRmF2bHA7mMAqGCVmW,1X3PZx1DOaH6ZrtDhpHwyb,00b7aNyVFLu17b7eBk9mlV,2w8NxQ2lUGDAjNGEvdJ079,1cvdwIgFk1hkY42HcMNPaQ,6hF3TSpARvvCiEvgPwvJVK,7KszOvtldglgHXfi59hRwj,4J27catfG8RYtwnXasUbzA,4bXJIYvQLz9sADRYIRZaES,2V0p2exVfDFkGXB9sIRhrh,2aA6McRYofY91xRe2Uqzjj&market=ES HTTP/11" 200 None
2025-03-26 01:07:54,518 - DEBUG - Starting new HTTPS connection (1): api.spotify.com:443
2025-03-26 01:07:54,737 - DEBUG - https://api.spotify.com:443 "GET /v1/albums?ids=31540PNZdNpHdzh6rQ9tSW,3I37qy2LM9pegNVT453UJJ,6Xn6rRYYHnY5UcEOZgzby8,1dmAeBQKqbBq87co0N0zDY,3UfuyTv6A9sNNnk9StWcXU,4GIeoRcpLeLwgxQK8jo183,0bhDoq9SBHiATOFKxc7KZn,3cpNHI7xhNIosF9WjSk8Zh,3itcmJJdMqwpqE9bdP7BHv,5sqREH3ug2XM5F7Y23v2fP,0SNxW2btAb8QBETOF43oqA,31DMB8AYSewSMLMuq0ibQ6&market=ES HTTP/11" 200 None
2025-03-26 01:08:04,973 - DEBUG - Starting new HTTPS connection (1): accounts.spotify.com:443
2025-03-26 01:08:05,082 - DEBUG - https://accounts.spotify.com:443 "POST /api/token HTTP/11" 200 None
2025-03-26 01:08:05,100 - DEBUG - Starting new HTTPS connection (1): api.spotify.com:443
2025-03-26 01:08:05,337 - DEBUG - https://api.spotify.com:443 "GET /v1/search?q=deep+p&type=artist&limit=5 HTTP/11" 200 None
2025-03-26 01:08:09,177 - DEBUG - Starting new HTTPS connection (1): accounts.spotify.com:443
2025-03-26 01:08:09,285 - DEBUG - https://accounts.spotify.com:443 "POST /api/token HTTP/11" 200 None
2025-03-26 01:08:09,304 - DEBUG - Starting new HTTPS connection (1): api.spotify.com:443
2025-03-26 01:08:09,466 - DEBUG - https://api.spotify.com:443 "GET /v1/search?q=deep+p&type=artist&limit=5 HTTP/11" 200 None
2025-03-26 01:08:09,466 - INFO - Artist added ---- Deep Purple
2025-03-26 01:08:09,484 - DEBUG - Starting new HTTPS connection (1): api.spotify.com:443
2025-03-26 01:08:09,667 - DEBUG - https://api.spotify.com:443 "GET /v1/artists/568ZhdwyaiCyOGJRtNYhWf/albums?market=ES&limit=50&include_groups=album,single,compilation,appears_on&offset=0 HTTP/11" 200 None
2025-03-26 01:08:09,671 - DEBUG - Starting new HTTPS connection (1): api.spotify.com:443
2025-03-26 01:08:09,868 - DEBUG - https://api.spotify.com:443 "GET /v1/artists/568ZhdwyaiCyOGJRtNYhWf/albums?market=ES&limit=50&include_groups=album,single,compilation,appears_on&offset=50 HTTP/11" 200 None
2025-03-26 01:08:09,884 - DEBUG - Starting new HTTPS connection (1): api.spotify.com:443
2025-03-26 01:08:10,035 - DEBUG - https://api.spotify.com:443 "GET /v1/artists/568ZhdwyaiCyOGJRtNYhWf/albums?market=ES&limit=50&include_groups=album,single,compilation,appears_on&offset=100 HTTP/11" 200 None
2025-03-26 01:08:10,054 - DEBUG - Starting new HTTPS connection (1): api.spotify.com:443
2025-03-26 01:08:10,285 - DEBUG - https://api.spotify.com:443 "GET /v1/artists/568ZhdwyaiCyOGJRtNYhWf/albums?market=ES&limit=50&include_groups=album,single,compilation,appears_on&offset=150 HTTP/11" 200 None
2025-03-26 01:08:10,301 - DEBUG - Starting new HTTPS connection (1): api.spotify.com:443
2025-03-26 01:08:10,535 - DEBUG - https://api.spotify.com:443 "GET /v1/artists/568ZhdwyaiCyOGJRtNYhWf/albums?market=ES&limit=50&include_groups=album,single,compilation,appears_on&offset=200 HTTP/11" 200 None
2025-03-26 01:08:10,538 - DEBUG - Starting new HTTPS connection (1): api.spotify.com:443
2025-03-26 01:08:10,733 - DEBUG - https://api.spotify.com:443 "GET /v1/artists/568ZhdwyaiCyOGJRtNYhWf/albums?market=ES&limit=50&include_groups=album,single,compilation,appears_on&offset=250 HTTP/11" 200 None
2025-03-26 01:08:10,737 - DEBUG - Starting new HTTPS connection (1): api.spotify.com:443
2025-03-26 01:08:10,953 - DEBUG - https://api.spotify.com:443 "GET /v1/artists/568ZhdwyaiCyOGJRtNYhWf/albums?market=ES&limit=50&include_groups=album,single,compilation,appears_on&offset=300 HTTP/11" 200 None
2025-03-26 01:08:10,953 - DEBUG - Starting new HTTPS connection (1): api.spotify.com:443
2025-03-26 01:08:11,150 - DEBUG - https://api.spotify.com:443 "GET /v1/artists/568ZhdwyaiCyOGJRtNYhWf/albums?market=ES&limit=50&include_groups=album,single,compilation,appears_on&offset=350 HTTP/11" 200 None
2025-03-26 01:08:11,186 - DEBUG - Starting new HTTPS connection (1): api.spotify.com:443
2025-03-26 01:08:11,421 - DEBUG - https://api.spotify.com:443 "GET /v1/albums?ids=4wSHMlOxOpLLs1boWeAteq,5Id0xyOl7d9BcE7xCzxUK7,1PYl2uQNd51wwrEVsjEgg1,1tk2fJEkbes3rEw36iY5Cc,6PvYfkFYRsFsXx3IbTmSf3,4rsA0I5GWl2bnrQLI4ODVm,6CQ2rHlNnywnFXp6COKutj,392MAwI1VwplUzLrz8R5p2,3y9upUoIh5JqePrmisKlDN,3FjCIa2vGSxhq2TQa9YIc4,15nE1szoTUhzet5GUQnp4P,4M7593HF3Darbg1q1dJuai,6pmkfyHjd7TQeqSRAIv80s,2aSL2NlO62VWeakkpSviGm,7jzQoIHpFJrjy6D286Ongs,5uuJFHb2V8GRytA9uyVtlI,6qbkK5BTl4ps0tCw7IYgwK,24agpMyphSfjSs8OwnCpax,2LwEIiuPy60xduEwGosncQ,4OiFn20i3aTu2FsMgP1yB5&market=ES HTTP/11" 200 None
2025-03-26 01:08:11,434 - DEBUG - Starting new HTTPS connection (1): api.spotify.com:443
2025-03-26 01:08:11,669 - DEBUG - https://api.spotify.com:443 "GET /v1/albums?ids=26JGleKYqtf0ZIcvAD9t2i,5MZ9uvBModjKNXnXt22i7E,1K9G96Gw74khEW1PEDZdON,2mLWJAiSRGyln6IhiG6eBs,2hDSJFYEzBkgtXAF40CCa4,2gsC042kyr02bRU8u3Avwm,4ZswWl93iCHfud7yd5GIdG,5R7IhvToiczQ611zb15r4x,3eSRePa5rtCrQ8PDe46gDL,0dPwHfpWTGozaaaxTrOu1j,6ivsgcVBWi6Etm2EldytF4,2MDlquYiN2cUsTh5kt2mPE,5r5GdHsV2FKH3Dod0wRyjA,4ADxz6hhmYMB8L9Polx6n2,28IeTDKrp6HhwzDiuKNSPS,0eqJ9B9k3qxVqUlVXdX6Aa,6hM8J8hSeMHyItTxXMeyVz,04gnp4M8mh9gVkJdKUjtWq,3bErA9aFZyGiD9j5ntYe5v,1A3lpptZR6yeaabqPJddW8&market=ES HTTP/11" 200 None
2025-03-26 01:08:11,703 - DEBUG - Starting new HTTPS connection (1): api.spotify.com:443
2025-03-26 01:08:11,918 - DEBUG - https://api.spotify.com:443 "GET /v1/albums?ids=1jtvoaDptF8n966xLCqmvV,554cvVIArGeKW4AH4chDne,5SKeGHkVddRpKf0pqVBJAR,3jb80uITBoKioTLmu8cqaC,0HCbfoyFr5e0ziYeAGDbXZ,1FOmatanDRxS9EGcxjXKuO,63KHr72RpRS3k0AMhHv2Fj,7hlg6rtIzw56qQbUVkwADH,6zleJIShCZ0opG8jGuOGMy,3k4Sw1t7tzEaE0LAR1J4YU,4XxOWSc8QlO2lo4iG8XC7k,1sTrHkatWW02eOeil9fCnX,3wR7UC2ij2dx0TbtiMP4J9,4xTuiyvyE5Df9JwgXjIY2y,3XXboc1gvm976jCATDdunA,32NQ56VZDTXSH3SMv4XSGN,1IY4BdLApVlVa8xid34zJm,3tZ7O5gGQmkg8FEfqE5wGw,7nn5IUsa4aqi16o3U0qik6,3yWO0OWcsKQa46sqSgR3uj&market=ES HTTP/11" 200 None
2025-03-26 01:08:11,951 - DEBUG - Starting new HTTPS connection (1): api.spotify.com:443
2025-03-26 01:08:12,135 - DEBUG - https://api.spotify.com:443 "GET /v1/albums?ids=2bjTVISSsvwia7uxrrEsuQ,4vjBkjJeJByK2swq4DnuPc,4pFFGEuoEmxtOTbp22tva9,5qxy4Qf0ug4rV9YVYGQRn2&market=ES HTTP/11" 200 None
2025-03-26 01:08:15,114 - DEBUG - Starting new HTTPS connection (1): accounts.spotify.com:443
2025-03-26 01:08:15,236 - DEBUG - https://accounts.spotify.com:443 "POST /api/token HTTP/11" 200 None
2025-03-26 01:08:15,249 - DEBUG - Starting new HTTPS connection (1): api.spotify.com:443
2025-03-26 01:08:15,417 - DEBUG - https://api.spotify.com:443 "GET /v1/search?q=deep+p&type=artist&limit=5 HTTP/11" 200 None
2025-03-26 01:08:15,419 - INFO - Artist added ---- Led Zeppelin
2025-03-26 01:08:15,421 - DEBUG - Starting new HTTPS connection (1): api.spotify.com:443
2025-03-26 01:08:16,089 - DEBUG - https://api.spotify.com:443 "GET /v1/artists/36QJpDe2go2KgaRleHCDTp/albums?market=ES&limit=50&include_groups=album,single,compilation,appears_on&offset=0 HTTP/11" 200 None
2025-03-26 01:08:16,089 - DEBUG - Starting new HTTPS connection (1): api.spotify.com:443
2025-03-26 01:08:16,388 - DEBUG - https://api.spotify.com:443 "GET /v1/albums?ids=6VH2op0GKIl3WNTbZmmcmI,0kTe1sQd9yhDsdG2Zth7X6,4wExFfncaUIqSgoxnqa3Eh,3otvl9PN3kOgk5uwAh1CBL,228mANuRrV20jS5DCA0eER,1W5CtQ7Ng0kP3lXyz7PIT2,0ui4S0TZghkf1d1Wz0oWpk,3uhD8hNpb0m3iIZ18RHH5u,4Q7cPyiP8cMIlUEHAqeYfd,0GqpoHJREPp0iuXK3HzrHk,5EyIDBAqhnlkAHqvPRwdbX,6P5QHz4XtxOmS5EuiGIPut,58MQ0PLijVHePUonQlK76Y,1J8QW9qsMLx3staWaHpQmU,0G41K3cto53eBIEW9MhO2K,5jQEuOsezpHOAhfQXMGTLo,2cqzFuaX52BSIPQT3w05Vm&market=ES HTTP/11" 200 None
2025-03-26 01:08:19,787 - DEBUG - Starting new HTTPS connection (1): accounts.spotify.com:443
2025-03-26 01:08:19,872 - DEBUG - https://accounts.spotify.com:443 "POST /api/token HTTP/11" 200 None
2025-03-26 01:08:19,881 - DEBUG - Starting new HTTPS connection (1): api.spotify.com:443
2025-03-26 01:08:20,075 - DEBUG - https://api.spotify.com:443 "GET /v1/search?q=deep+p&type=artist&limit=5 HTTP/11" 200 None
2025-03-26 01:08:20,075 - INFO - Artist added ---- Led Zeppelin
2025-03-26 01:08:20,082 - INFO - Artist removed -- J.J. Cale
2025-03-26 01:08:20,104 - DEBUG - Starting new HTTPS connection (1): accounts.spotify.com:443
2025-03-26 01:08:20,234 - DEBUG - https://accounts.spotify.com:443 "POST /api/token HTTP/11" 200 None
2025-03-26 01:08:20,242 - DEBUG - Starting new HTTPS connection (1): api.spotify.com:443
2025-03-26 01:08:20,485 - DEBUG - https://api.spotify.com:443 "GET /v1/search?q=deep+p&type=artist&limit=5 HTTP/11" 200 None
2025-03-26 01:08:20,485 - INFO - Artist added ---- Led Zeppelin
